<?xml version="1.0" encoding="UTF-8"?>
<!-- Generated by org.testng.reporters.JUnitReportReporter -->
<testsuite hostname="LAPTOP-P73MBL0C" failures="0" tests="1" name="com.hrms.Testscripts.TC01" time="10.005" errors="0" timestamp="20 Jul 2021 07:39:31 GMT">
  <testcase classname="com.hrms.Testscripts.TC01" name="tc01" time="10.005"/>
</testsuite> <!-- com.hrms.Testscripts.TC01 -->
