<?xml version="1.0" encoding="UTF-8"?>
<!-- Generated by org.testng.reporters.JUnitReportReporter -->
<testsuite hostname="LAPTOP-P73MBL0C" failures="0" tests="1" name="com.hrms.Testscripts.TC01" time="44.066" errors="0" timestamp="25 Jul 2021 04:41:25 GMT">
  <testcase classname="com.hrms.Testscripts.TC01" name="tc01" time="44.066"/>
</testsuite> <!-- com.hrms.Testscripts.TC01 -->
